2026-07-16T17:30:21Z INFO    wildlife_trigger.runs: run c5_m0_fp32_seed17_20260716T173021Z started in results/training/c5/c5_m0_fp32_seed17_20260716T173021Z
2026-07-16T17:31:12Z INFO    __main__: epoch  0 [A] step   289/8670  loss 1.5675  bobcatAP cis 0.1729 trans 0.4524  F2@0.5 cis 0.0573 trans 0.0000  score 0.0286
2026-07-16T17:31:46Z INFO    __main__: epoch  1 [A] step   578/8670  loss 1.1448  bobcatAP cis 0.2558 trans 0.4515  F2@0.5 cis 0.1767 trans 0.0000  score 0.0883
2026-07-16T17:32:33Z INFO    __main__: epoch  2 [A] step   867/8670  loss 1.0458  bobcatAP cis 0.2513 trans 0.4359  F2@0.5 cis 0.1844 trans 0.0000  score 0.0922
2026-07-16T17:33:08Z INFO    __main__: epoch  3 [A] step  1156/8670  loss 0.9679  bobcatAP cis 0.2550 trans 0.4470  F2@0.5 cis 0.2221 trans 0.0000  score 0.1110
2026-07-16T17:33:38Z INFO    __main__: epoch  4 [A] step  1445/8670  loss 0.9194  bobcatAP cis 0.2996 trans 0.4368  F2@0.5 cis 0.2174 trans 0.0000  score 0.1087
2026-07-16T17:33:38Z INFO    __main__: phase A -> B at step 1445
2026-07-16T17:34:31Z INFO    __main__: epoch  5 [B] step  1734/8670  loss 0.6448  bobcatAP cis 0.4259 trans 0.5288  F2@0.5 cis 0.5293 trans 0.0617  score 0.2955
2026-07-16T17:35:22Z INFO    __main__: epoch  6 [B] step  2023/8670  loss 0.3558  bobcatAP cis 0.3978 trans 0.4912  F2@0.5 cis 0.5305 trans 0.0373  score 0.2839
2026-07-16T17:36:20Z INFO    __main__: epoch  7 [B] step  2312/8670  loss 0.2471  bobcatAP cis 0.6328 trans 0.4650  F2@0.5 cis 0.5578 trans 0.0722  score 0.3150
2026-07-16T17:37:11Z INFO    __main__: epoch  8 [B] step  2601/8670  loss 0.1719  bobcatAP cis 0.5790 trans 0.5227  F2@0.5 cis 0.6197 trans 0.0573  score 0.3385
2026-07-16T17:38:35Z INFO    __main__: epoch  9 [B] step  2890/8670  loss 0.1321  bobcatAP cis 0.6170 trans 0.5982  F2@0.5 cis 0.5879 trans 0.1202  score 0.3540
2026-07-16T17:39:27Z INFO    __main__: epoch 10 [B] step  3179/8670  loss 0.1034  bobcatAP cis 0.5072 trans 0.5786  F2@0.5 cis 0.5485 trans 0.0603  score 0.3044
2026-07-16T17:40:19Z INFO    __main__: epoch 11 [B] step  3468/8670  loss 0.0872  bobcatAP cis 0.6486 trans 0.5020  F2@0.5 cis 0.6130 trans 0.1343  score 0.3737
2026-07-16T17:41:10Z INFO    __main__: epoch 12 [B] step  3757/8670  loss 0.0796  bobcatAP cis 0.5727 trans 0.5425  F2@0.5 cis 0.6146 trans 0.0828  score 0.3487
2026-07-16T17:42:03Z INFO    __main__: epoch 13 [B] step  4046/8670  loss 0.0647  bobcatAP cis 0.4775 trans 0.5998  F2@0.5 cis 0.5968 trans 0.1081  score 0.3525
2026-07-16T17:43:00Z INFO    __main__: epoch 14 [B] step  4335/8670  loss 0.0461  bobcatAP cis 0.5383 trans 0.5494  F2@0.5 cis 0.6341 trans 0.1061  score 0.3701
2026-07-16T17:43:59Z INFO    __main__: epoch 15 [B] step  4624/8670  loss 0.0334  bobcatAP cis 0.5526 trans 0.5536  F2@0.5 cis 0.6308 trans 0.1110  score 0.3709
2026-07-16T17:44:51Z INFO    __main__: epoch 16 [B] step  4913/8670  loss 0.0336  bobcatAP cis 0.5678 trans 0.5674  F2@0.5 cis 0.5772 trans 0.0558  score 0.3165
2026-07-16T17:45:51Z INFO    __main__: epoch 17 [B] step  5202/8670  loss 0.0301  bobcatAP cis 0.5798 trans 0.6053  F2@0.5 cis 0.6173 trans 0.1024  score 0.3598
2026-07-16T17:45:51Z INFO    __main__: early stopping: no improvement for 6 epochs
2026-07-16T17:45:51Z INFO    wildlife_trigger.runs: run c5_m0_fp32_seed17_20260716T173021Z completed in 930.7s
2026-07-16T17:45:51Z INFO    __main__: best epoch 11 score 0.3736730839731558 -> results/training/c5/c5_m0_fp32_seed17_20260716T173021Z
